2024-01-19 15:45:18 [ERROR]: order controller call24ApiPost URL_Error :  The "chunk" argument must be of type string or an instance of Buffer or Uint8Array. Received an instance of Object {"code":"ERR_INVALID_ARG_TYPE","stack":"TypeError [ERR_INVALID_ARG_TYPE]: The \"chunk\" argument must be of type string or an instance of Buffer or Uint8Array. Received an instance of Object\n    at new NodeError (node:internal/errors:405:5)\n    at write_ (node:_http_outgoing:879:11)\n    at ClientRequest.end (node:_http_outgoing:1030:5)\n    at C:\\nodejs\\call-api\\routes\\api\\controller\\order.controller.ts:49:24\n    at Generator.next (<anonymous>)\n    at fulfilled (C:\\nodejs\\call-api\\routes\\api\\controller\\order.controller.ts:5:58)\n    at processTicksAndRejections (node:internal/process/task_queues:95:5)"}
2024-01-19 16:01:14 [ERROR]: order controller call24ApiPost URL_Error :  The "chunk" argument must be of type string or an instance of Buffer or Uint8Array. Received an instance of Object {"code":"ERR_INVALID_ARG_TYPE","stack":"TypeError [ERR_INVALID_ARG_TYPE]: The \"chunk\" argument must be of type string or an instance of Buffer or Uint8Array. Received an instance of Object\n    at new NodeError (node:internal/errors:405:5)\n    at write_ (node:_http_outgoing:879:11)\n    at ClientRequest.end (node:_http_outgoing:1030:5)\n    at C:\\nodejs\\call-api\\routes\\api\\controller\\order.controller.ts:52:24\n    at Generator.next (<anonymous>)\n    at fulfilled (C:\\nodejs\\call-api\\routes\\api\\controller\\order.controller.ts:5:58)\n    at processTicksAndRejections (node:internal/process/task_queues:95:5)"}
2024-01-19 16:02:15 [ERROR]: uncaughtException: socket hang up
Error: socket hang up
    at connResetException (node:internal/errors:720:14)
    at TLSSocket.socketOnEnd (node:_http_client:519:23)
    at TLSSocket.emit (node:events:526:35)
    at TLSSocket.emit (node:domain:489:12)
    at endReadableNT (node:internal/streams/readable:1376:12)
    at processTicksAndRejections (node:internal/process/task_queues:82:21) {"error":{"code":"ECONNRESET"},"stack":"Error: socket hang up\n    at connResetException (node:internal/errors:720:14)\n    at TLSSocket.socketOnEnd (node:_http_client:519:23)\n    at TLSSocket.emit (node:events:526:35)\n    at TLSSocket.emit (node:domain:489:12)\n    at endReadableNT (node:internal/streams/readable:1376:12)\n    at processTicksAndRejections (node:internal/process/task_queues:82:21)","exception":true,"date":"Fri Jan 19 2024 16:02:15 GMT+0900 (대한민국 표준시)","process":{"pid":21108,"uid":null,"gid":null,"cwd":"C:\\nodejs\\call-api","execPath":"C:\\Program Files\\nodejs\\node.exe","version":"v20.5.0","argv":["C:\\nodejs\\call-api\\node_modules\\ts-node\\dist\\bin.js","C:\\nodejs\\call-api\\bin\\www.ts"],"memoryUsage":{"rss":199700480,"heapTotal":159510528,"heapUsed":155123624,"external":5329244,"arrayBuffers":2351237}},"os":{"loadavg":[0,0,0],"uptime":25870.359},"trace":[{"column":14,"file":"node:internal/errors","function":"connResetException","line":720,"method":null,"native":false},{"column":23,"file":"node:_http_client","function":"TLSSocket.socketOnEnd","line":519,"method":"socketOnEnd","native":false},{"column":35,"file":"node:events","function":"TLSSocket.emit","line":526,"method":"emit","native":false},{"column":12,"file":"node:domain","function":"TLSSocket.emit","line":489,"method":"emit","native":false},{"column":12,"file":"node:internal/streams/readable","function":"endReadableNT","line":1376,"method":null,"native":false},{"column":21,"file":"node:internal/process/task_queues","function":"processTicksAndRejections","line":82,"method":null,"native":false}]}
2024-01-19 16:08:49 [ERROR]: order controller call24ApiPost URL_Error -> procId: undefined -> pro : TypeError [ERR_INVALID_ARG_TYPE]: The "chunk" argument must be of type string or an instance of Buffer or Uint8Array. Received an instance of Object 
2024-01-19 16:09:50 [ERROR]: uncaughtException: socket hang up
Error: socket hang up
    at connResetException (node:internal/errors:720:14)
    at TLSSocket.socketOnEnd (node:_http_client:519:23)
    at TLSSocket.emit (node:events:526:35)
    at TLSSocket.emit (node:domain:489:12)
    at endReadableNT (node:internal/streams/readable:1376:12)
    at processTicksAndRejections (node:internal/process/task_queues:82:21) {"error":{"code":"ECONNRESET"},"stack":"Error: socket hang up\n    at connResetException (node:internal/errors:720:14)\n    at TLSSocket.socketOnEnd (node:_http_client:519:23)\n    at TLSSocket.emit (node:events:526:35)\n    at TLSSocket.emit (node:domain:489:12)\n    at endReadableNT (node:internal/streams/readable:1376:12)\n    at processTicksAndRejections (node:internal/process/task_queues:82:21)","exception":true,"date":"Fri Jan 19 2024 16:09:50 GMT+0900 (대한민국 표준시)","process":{"pid":21372,"uid":null,"gid":null,"cwd":"C:\\nodejs\\call-api","execPath":"C:\\Program Files\\nodejs\\node.exe","version":"v20.5.0","argv":["C:\\nodejs\\call-api\\node_modules\\ts-node\\dist\\bin.js","C:\\nodejs\\call-api\\bin\\www.ts"],"memoryUsage":{"rss":197550080,"heapTotal":158199808,"heapUsed":154987600,"external":5322058,"arrayBuffers":2344051}},"os":{"loadavg":[0,0,0],"uptime":26325.468},"trace":[{"column":14,"file":"node:internal/errors","function":"connResetException","line":720,"method":null,"native":false},{"column":23,"file":"node:_http_client","function":"TLSSocket.socketOnEnd","line":519,"method":"socketOnEnd","native":false},{"column":35,"file":"node:events","function":"TLSSocket.emit","line":526,"method":"emit","native":false},{"column":12,"file":"node:domain","function":"TLSSocket.emit","line":489,"method":"emit","native":false},{"column":12,"file":"node:internal/streams/readable","function":"endReadableNT","line":1376,"method":null,"native":false},{"column":21,"file":"node:internal/process/task_queues","function":"processTicksAndRejections","line":82,"method":null,"native":false}]}
2024-01-19 16:23:24 [ERROR]: 

order controller call24ApiPost URL_Error : 
 procId: A2024011961445 
 Exception : TypeError [ERR_INVALID_ARG_TYPE]: The "chunk" argument must be of type string or an instance of Buffer or Uint8Array. Received an instance of Object 
2024-01-19 16:24:25 [ERROR]: uncaughtException: socket hang up
Error: socket hang up
    at connResetException (node:internal/errors:720:14)
    at TLSSocket.socketOnEnd (node:_http_client:519:23)
    at TLSSocket.emit (node:events:526:35)
    at TLSSocket.emit (node:domain:489:12)
    at endReadableNT (node:internal/streams/readable:1376:12)
    at processTicksAndRejections (node:internal/process/task_queues:82:21) {"error":{"code":"ECONNRESET"},"stack":"Error: socket hang up\n    at connResetException (node:internal/errors:720:14)\n    at TLSSocket.socketOnEnd (node:_http_client:519:23)\n    at TLSSocket.emit (node:events:526:35)\n    at TLSSocket.emit (node:domain:489:12)\n    at endReadableNT (node:internal/streams/readable:1376:12)\n    at processTicksAndRejections (node:internal/process/task_queues:82:21)","exception":true,"date":"Fri Jan 19 2024 16:24:25 GMT+0900 (대한민국 표준시)","process":{"pid":16392,"uid":null,"gid":null,"cwd":"C:\\nodejs\\call-api","execPath":"C:\\Program Files\\nodejs\\node.exe","version":"v20.5.0","argv":["C:\\nodejs\\call-api\\node_modules\\ts-node\\dist\\bin.js","C:\\nodejs\\call-api\\bin\\www.ts"],"memoryUsage":{"rss":197750784,"heapTotal":158461952,"heapUsed":154341296,"external":5316610,"arrayBuffers":2338603}},"os":{"loadavg":[0,0,0],"uptime":27200.343},"trace":[{"column":14,"file":"node:internal/errors","function":"connResetException","line":720,"method":null,"native":false},{"column":23,"file":"node:_http_client","function":"TLSSocket.socketOnEnd","line":519,"method":"socketOnEnd","native":false},{"column":35,"file":"node:events","function":"TLSSocket.emit","line":526,"method":"emit","native":false},{"column":12,"file":"node:domain","function":"TLSSocket.emit","line":489,"method":"emit","native":false},{"column":12,"file":"node:internal/streams/readable","function":"endReadableNT","line":1376,"method":null,"native":false},{"column":21,"file":"node:internal/process/task_queues","function":"processTicksAndRejections","line":82,"method":null,"native":false}]}
2024-01-19 16:26:36 [ERROR]: 

order controller call24ApiPost URL_Error : 
 procId: A2024011961445 
 Exception : TypeError [ERR_INVALID_ARG_TYPE]: The "chunk" argument must be of type string or an instance of Buffer or Uint8Array. Received an instance of Object 
2024-01-19 16:27:37 [ERROR]: uncaughtException: socket hang up
Error: socket hang up
    at connResetException (node:internal/errors:720:14)
    at TLSSocket.socketOnEnd (node:_http_client:519:23)
    at TLSSocket.emit (node:events:526:35)
    at TLSSocket.emit (node:domain:489:12)
    at endReadableNT (node:internal/streams/readable:1376:12)
    at processTicksAndRejections (node:internal/process/task_queues:82:21) {"error":{"code":"ECONNRESET"},"stack":"Error: socket hang up\n    at connResetException (node:internal/errors:720:14)\n    at TLSSocket.socketOnEnd (node:_http_client:519:23)\n    at TLSSocket.emit (node:events:526:35)\n    at TLSSocket.emit (node:domain:489:12)\n    at endReadableNT (node:internal/streams/readable:1376:12)\n    at processTicksAndRejections (node:internal/process/task_queues:82:21)","exception":true,"date":"Fri Jan 19 2024 16:27:37 GMT+0900 (대한민국 표준시)","process":{"pid":21388,"uid":null,"gid":null,"cwd":"C:\\nodejs\\call-api","execPath":"C:\\Program Files\\nodejs\\node.exe","version":"v20.5.0","argv":["C:\\nodejs\\call-api\\node_modules\\ts-node\\dist\\bin.js","C:\\nodejs\\call-api\\bin\\www.ts"],"memoryUsage":{"rss":199016448,"heapTotal":158461952,"heapUsed":154247512,"external":5316546,"arrayBuffers":2338539}},"os":{"loadavg":[0,0,0],"uptime":27392.734},"trace":[{"column":14,"file":"node:internal/errors","function":"connResetException","line":720,"method":null,"native":false},{"column":23,"file":"node:_http_client","function":"TLSSocket.socketOnEnd","line":519,"method":"socketOnEnd","native":false},{"column":35,"file":"node:events","function":"TLSSocket.emit","line":526,"method":"emit","native":false},{"column":12,"file":"node:domain","function":"TLSSocket.emit","line":489,"method":"emit","native":false},{"column":12,"file":"node:internal/streams/readable","function":"endReadableNT","line":1376,"method":null,"native":false},{"column":21,"file":"node:internal/process/task_queues","function":"processTicksAndRejections","line":82,"method":null,"native":false}]}
2024-01-19 16:29:43 [ERROR]: 

order controller call24ApiPost URL_Error : 
 procId: A2024011961445 
 Exception : TypeError [ERR_INVALID_ARG_TYPE]: The "chunk" argument must be of type string or an instance of Buffer or Uint8Array. Received an instance of Object 
2024-01-19 16:30:43 [ERROR]: uncaughtException: socket hang up
Error: socket hang up
    at connResetException (node:internal/errors:720:14)
    at TLSSocket.socketOnEnd (node:_http_client:519:23)
    at TLSSocket.emit (node:events:526:35)
    at TLSSocket.emit (node:domain:489:12)
    at endReadableNT (node:internal/streams/readable:1376:12)
    at processTicksAndRejections (node:internal/process/task_queues:82:21) {"error":{"code":"ECONNRESET"},"stack":"Error: socket hang up\n    at connResetException (node:internal/errors:720:14)\n    at TLSSocket.socketOnEnd (node:_http_client:519:23)\n    at TLSSocket.emit (node:events:526:35)\n    at TLSSocket.emit (node:domain:489:12)\n    at endReadableNT (node:internal/streams/readable:1376:12)\n    at processTicksAndRejections (node:internal/process/task_queues:82:21)","exception":true,"date":"Fri Jan 19 2024 16:30:43 GMT+0900 (대한민국 표준시)","process":{"pid":25172,"uid":null,"gid":null,"cwd":"C:\\nodejs\\call-api","execPath":"C:\\Program Files\\nodejs\\node.exe","version":"v20.5.0","argv":["C:\\nodejs\\call-api\\node_modules\\ts-node\\dist\\bin.js","C:\\nodejs\\call-api\\bin\\www.ts"],"memoryUsage":{"rss":197398528,"heapTotal":158199808,"heapUsed":154997272,"external":5322176,"arrayBuffers":2344169}},"os":{"loadavg":[0,0,0],"uptime":27578.218},"trace":[{"column":14,"file":"node:internal/errors","function":"connResetException","line":720,"method":null,"native":false},{"column":23,"file":"node:_http_client","function":"TLSSocket.socketOnEnd","line":519,"method":"socketOnEnd","native":false},{"column":35,"file":"node:events","function":"TLSSocket.emit","line":526,"method":"emit","native":false},{"column":12,"file":"node:domain","function":"TLSSocket.emit","line":489,"method":"emit","native":false},{"column":12,"file":"node:internal/streams/readable","function":"endReadableNT","line":1376,"method":null,"native":false},{"column":21,"file":"node:internal/process/task_queues","function":"processTicksAndRejections","line":82,"method":null,"native":false}]}
